<?xml version="1.0" encoding="UTF-8"?>
<testsuite xmlns:xsi="http://www.w3.org/2001/XMLSchema-instance" xsi:noNamespaceSchemaLocation="https://maven.apache.org/surefire/maven-failsafe-plugin/xsd/failsafe-test-report.xsd" name="integration.ClimbingLeaderBoardTest" time="0.034" tests="3" errors="0" skipped="0" failures="0">
  <properties>
    <property name="gopherProxySet" value="false"/>
    <property name="awt.toolkit" value="sun.lwawt.macosx.LWCToolkit"/>
    <property name="java.specification.version" value="11"/>
    <property name="sun.cpu.isalist" value=""/>
    <property name="sun.jnu.encoding" value="UTF-8"/>
    <property name="java.class.path" value="/Users/ntumkur/Projects/westpac/sample_maven_project/target/test-classes:/Users/ntumkur/Projects/westpac/sample_maven_project/target/sample-app-1.0-SNAPSHOT.jar:/Users/ntumkur/.m2/repository/junit/junit/4.11/junit-4.11.jar:/Users/ntumkur/.m2/repository/org/hamcrest/hamcrest-core/1.3/hamcrest-core-1.3.jar:"/>
    <property name="java.vm.vendor" value="Amazon.com Inc."/>
    <property name="sun.arch.data.model" value="64"/>
    <property name="java.vendor.url" value="https://aws.amazon.com/corretto/"/>
    <property name="user.timezone" value=""/>
    <property name="java.vm.specification.version" value="11"/>
    <property name="os.name" value="Mac OS X"/>
    <property name="sun.java.launcher" value="SUN_STANDARD"/>
    <property name="user.country" value="GB"/>
    <property name="sun.boot.library.path" value="/Users/ntumkur/.jabba/jdk/amazon-corretto@1.11.0-7.10.1/Contents/Home/lib"/>
    <property name="sun.java.command" value="/Users/ntumkur/Projects/westpac/sample_maven_project/target/surefire/surefirebooter10744114045277247044.jar /Users/ntumkur/Projects/westpac/sample_maven_project/target/surefire 2020-11-17T21-41-41_238-jvmRun1 surefire1367877734700686207tmp surefire_0860917554804471307tmp"/>
    <property name="jdk.debug" value="release"/>
    <property name="surefire.test.class.path" value="/Users/ntumkur/Projects/westpac/sample_maven_project/target/test-classes:/Users/ntumkur/Projects/westpac/sample_maven_project/target/sample-app-1.0-SNAPSHOT.jar:/Users/ntumkur/.m2/repository/junit/junit/4.11/junit-4.11.jar:/Users/ntumkur/.m2/repository/org/hamcrest/hamcrest-core/1.3/hamcrest-core-1.3.jar:"/>
    <property name="sun.cpu.endian" value="little"/>
    <property name="user.home" value="/Users/ntumkur"/>
    <property name="user.language" value="en"/>
    <property name="java.specification.vendor" value="Oracle Corporation"/>
    <property name="java.version.date" value="2020-04-14"/>
    <property name="java.home" value="/Users/ntumkur/.jabba/jdk/amazon-corretto@1.11.0-7.10.1/Contents/Home"/>
    <property name="file.separator" value="/"/>
    <property name="basedir" value="/Users/ntumkur/Projects/westpac/sample_maven_project"/>
    <property name="java.vm.compressedOopsMode" value="Zero based"/>
    <property name="line.separator" value="&#10;"/>
    <property name="java.specification.name" value="Java Platform API Specification"/>
    <property name="java.vm.specification.vendor" value="Oracle Corporation"/>
    <property name="java.awt.graphicsenv" value="sun.awt.CGraphicsEnvironment"/>
    <property name="surefire.real.class.path" value="/Users/ntumkur/Projects/westpac/sample_maven_project/target/surefire/surefirebooter10744114045277247044.jar"/>
    <property name="sun.management.compiler" value="HotSpot 64-Bit Tiered Compilers"/>
    <property name="java.runtime.version" value="11.0.7+10-LTS"/>
    <property name="user.name" value="ntumkur"/>
    <property name="path.separator" value=":"/>
    <property name="os.version" value="10.15.7"/>
    <property name="java.runtime.name" value="OpenJDK Runtime Environment"/>
    <property name="file.encoding" value="UTF-8"/>
    <property name="java.vm.name" value="OpenJDK 64-Bit Server VM"/>
    <property name="java.vendor.version" value="Corretto-11.0.7.10.1"/>
    <property name="localRepository" value="/Users/ntumkur/.m2/repository"/>
    <property name="java.vendor.url.bug" value="https://github.com/corretto/corretto-11/issues/"/>
    <property name="java.io.tmpdir" value="/var/folders/t9/x6t11rq14xq3jryly3frjps00000gp/T/"/>
    <property name="idea.version" value="2020.2.3"/>
    <property name="java.version" value="11.0.7"/>
    <property name="user.dir" value="/Users/ntumkur/Projects/westpac/sample_maven_project"/>
    <property name="os.arch" value="x86_64"/>
    <property name="java.vm.specification.name" value="Java Virtual Machine Specification"/>
    <property name="java.awt.printerjob" value="sun.lwawt.macosx.CPrinterJob"/>
    <property name="sun.os.patch.level" value="unknown"/>
    <property name="java.library.path" value="/Users/ntumkur/Library/Java/Extensions:/Library/Java/Extensions:/Network/Library/Java/Extensions:/System/Library/Java/Extensions:/usr/lib/java:."/>
    <property name="java.vendor" value="Amazon.com Inc."/>
    <property name="java.vm.info" value="mixed mode"/>
    <property name="java.vm.version" value="11.0.7+10-LTS"/>
    <property name="sun.io.unicode.encoding" value="UnicodeBig"/>
    <property name="java.class.version" value="55.0"/>
  </properties>
  <testcase name="basicCase1" classname="integration.ClimbingLeaderBoardTest" time="0.009"/>
  <testcase name="basicCase2" classname="integration.ClimbingLeaderBoardTest" time="0"/>
  <testcase name="basicCase3" classname="integration.ClimbingLeaderBoardTest" time="0"/>
</testsuite>